
连接到: Oracle Database 11g Enterprise Edition Release 11.2.0.4.0 - 64bit Production
With the Partitioning, OLAP, Data Mining and Real Application Testing options
已导出 ZHS16GBK 字符集和 AL16UTF16 NCHAR 字符集

即将导出指定的用户...
. 正在导出 pre-schema 过程对象和操作
. 正在导出用户 RETIRE 的外部函数库名
. 导出 PUBLIC 类型同义词
. 正在导出专用类型同义词
. 正在导出用户 RETIRE 的对象类型定义
即将导出 RETIRE 的对象...
. 正在导出数据库链接
. 正在导出序号
. 正在导出簇定义
. 即将导出 RETIRE 的表通过常规路径...
. . 正在导出表                       BASE_CODE导出了         232 行
. . 正在导出表                  BASE_CODE_ADDI导出了           0 行
. . 正在导出表              BASE_CODE_ADDI_VAL导出了           0 行
. . 正在导出表                  BASE_CODE_KIND导出了          27 行
. . 正在导出表                 BASE_DEPARTMENT导出了          30 行
. . 正在导出表                       BASE_MENU导出了          35 行
. . 正在导出表                       BASE_ROLE导出了           3 行
. . 正在导出表             BASE_ROLE_MENU_RELA导出了          46 行
. . 正在导出表                       BASE_USER导出了           4 行
. . 正在导出表              BASE_USER_DEP_RELA导出了           0 行
. . 正在导出表             BASE_USER_ROLE_RELA导出了           3 行
. . 正在导出表                    RETIRE_ARENA导出了          42 行
. . 正在导出表                RETIRE_COMMUNIST导出了           2 行
. . 正在导出表                  RETIRE_CONTACT导出了           3 行
. . 正在导出表                     RETIRE_COST导出了           6 行
. . 正在导出表                   RETIRE_FAMILY导出了           6 行
. . 正在导出表             RETIRE_ORGANIZATION导出了           6 行
. . 正在导出表                    RETIRE_PARTY导出了          63 行
. . 正在导出表                     RETIRE_QUIT导出了           8 行
. . 正在导出表                     RETIRE_USER导出了           4 行
. 正在导出同义词
. 正在导出视图
. 正在导出存储过程
. 正在导出运算符
. 正在导出引用完整性约束条件
. 正在导出触发器
. 正在导出索引类型
. 正在导出位图, 功能性索引和可扩展索引
. 正在导出后期表活动
. 正在导出实体化视图
. 正在导出快照日志
. 正在导出作业队列
. 正在导出刷新组和子组
. 正在导出维
. 正在导出 post-schema 过程对象和操作
. 正在导出统计信息
成功终止导出, 没有出现警告。
